2022-01-07 02:45:10,858 INFO org.springframework.boot.StartupInfoLogger [main] Starting ServidorEurekaApplication using Java 11.0.11 on LaPampara with PID 10024 (D:\WorkSpaces\PUCMM\ProgramacionWebAvanzada\Web-Avanzada\Proyecto-Final\servidor-eureka\build\classes\java\main started by User in D:\WorkSpaces\PUCMM\ProgramacionWebAvanzada\Web-Avanzada\Proyecto-Final\servidor-eureka)
2022-01-07 02:45:10,862 INFO org.springframework.boot.SpringApplication [main] No active profile set, falling back to default profiles: default
2022-01-07 02:45:10,897 INFO org.springframework.boot.logging.DeferredLog [main] Fetching config from server at : http://localhost:8888
2022-01-07 02:45:10,898 INFO org.springframework.boot.logging.DeferredLog [main] Located environment: name=application, profiles=[default], label=null, version=null, state=null
2022-01-07 02:45:11,709 INFO org.springframework.cloud.context.scope.GenericScope [main] BeanFactory id=cbcf6582-c22e-33e6-a2bd-2205204f9e29
2022-01-07 02:45:11,940 INFO org.springframework.boot.web.embedded.tomcat.TomcatWebServer [main] Tomcat initialized with port(s): 8080 (http)
2022-01-07 02:45:11,948 INFO org.apache.juli.logging.DirectJDKLog [main] Initializing ProtocolHandler ["http-nio-8080"]
2022-01-07 02:45:11,948 INFO org.apache.juli.logging.DirectJDKLog [main] Starting service [Tomcat]
2022-01-07 02:45:11,949 INFO org.apache.juli.logging.DirectJDKLog [main] Starting Servlet engine: [Apache Tomcat/9.0.56]
2022-01-07 02:45:12,050 INFO org.apache.juli.logging.DirectJDKLog [main] Initializing Spring embedded WebApplicationContext
2022-01-07 02:45:12,051 INFO org.springframework.boot.web.servlet.context.ServletWebServerApplicationContext [main] Root WebApplicationContext: initialization completed in 1152 ms
2022-01-07 02:45:12,407 INFO com.sun.jersey.server.impl.application.WebApplicationImpl [main] Initiating Jersey application, version 'Jersey: 1.19.4 05/24/2017 03:20 PM'
2022-01-07 02:45:14,645 INFO org.springframework.cloud.commons.util.InetUtils [main] Cannot determine local hostname
2022-01-07 02:45:16,510 INFO org.springframework.cloud.commons.util.InetUtils [main] Cannot determine local hostname
2022-01-07 02:45:16,516 INFO org.springframework.cloud.netflix.eureka.config.DiscoveryClientOptionalArgsConfiguration [main] Eureka HTTP Client uses Jersey
2022-01-07 02:45:16,560 WARN org.springframework.cloud.loadbalancer.config.LoadBalancerCacheAutoConfiguration$LoadBalancerCaffeineWarnLogger [main] Spring Cloud LoadBalancer is currently working with the default cache. You can switch to using Caffeine cache, by adding it and org.springframework.cache.caffeine.CaffeineCacheManager to the classpath.
2022-01-07 02:45:16,573 INFO org.springframework.cloud.netflix.eureka.InstanceInfoFactory [main] Setting initial instance status as: STARTING
2022-01-07 02:45:16,644 INFO org.springframework.boot.actuate.endpoint.web.EndpointLinksResolver [main] Exposing 1 endpoint(s) beneath base path '/actuator'
2022-01-07 02:45:16,696 INFO org.springframework.cloud.netflix.eureka.serviceregistry.EurekaServiceRegistry [main] Registering application UNKNOWN with eureka with status UP
2022-01-07 02:45:16,699 INFO org.apache.juli.logging.DirectJDKLog [main] Starting ProtocolHandler ["http-nio-8080"]
2022-01-07 02:45:16,699 INFO org.springframework.cloud.netflix.eureka.server.EurekaServerBootstrap [Thread-10] Setting the eureka configuration..
2022-01-07 02:45:16,708 INFO org.springframework.cloud.netflix.eureka.server.EurekaServerBootstrap [Thread-10] isAws returned false
2022-01-07 02:45:16,709 INFO org.springframework.cloud.netflix.eureka.server.EurekaServerBootstrap [Thread-10] Initialized server context
2022-01-07 02:45:16,718 INFO org.springframework.cloud.netflix.eureka.server.EurekaServerInitializerConfiguration [Thread-10] Started Eureka Server
2022-01-07 02:45:16,719 INFO org.springframework.boot.web.embedded.tomcat.TomcatWebServer [main] Tomcat started on port(s): 8080 (http) with context path ''
2022-01-07 02:45:16,721 INFO org.springframework.cloud.netflix.eureka.serviceregistry.EurekaAutoServiceRegistration [main] Updating port to 8080
2022-01-07 02:45:18,384 INFO org.springframework.cloud.commons.util.InetUtils [main] Cannot determine local hostname
2022-01-07 02:45:18,400 INFO org.springframework.boot.StartupInfoLogger [main] Started ServidorEurekaApplication in 9.962 seconds (JVM running for 11.094)
2022-01-07 02:45:18,975 INFO org.apache.juli.logging.DirectJDKLog [RMI TCP Connection(1)-172.18.32.1] Initializing Spring DispatcherServlet 'dispatcherServlet'
2022-01-07 02:45:18,975 INFO org.springframework.web.servlet.FrameworkServlet [RMI TCP Connection(1)-172.18.32.1] Initializing Servlet 'dispatcherServlet'
2022-01-07 02:45:18,977 INFO org.springframework.web.servlet.FrameworkServlet [RMI TCP Connection(1)-172.18.32.1] Completed initialization in 1 ms
2022-01-07 02:47:21,466 INFO org.springframework.cloud.netflix.eureka.serviceregistry.EurekaServiceRegistry [SpringApplicationShutdownHook] Unregistering application UNKNOWN with eureka with status DOWN
2022-01-07 02:47:21,938 INFO org.springframework.cloud.netflix.eureka.server.EurekaServerBootstrap [SpringApplicationShutdownHook] Shutting down Eureka Server..
2022-01-07 02:47:21,953 INFO org.springframework.cloud.netflix.eureka.server.EurekaServerBootstrap [SpringApplicationShutdownHook] Eureka Service is now shutdown...
2022-01-07 02:51:28,842 INFO org.springframework.boot.StartupInfoLogger [main] Starting ServidorEurekaApplication using Java 11.0.11 on LaPampara with PID 12144 (D:\WorkSpaces\PUCMM\ProgramacionWebAvanzada\Web-Avanzada\Proyecto-Final\servidor-eureka\build\classes\java\main started by User in D:\WorkSpaces\PUCMM\ProgramacionWebAvanzada\Web-Avanzada\Proyecto-Final\servidor-eureka)
2022-01-07 02:51:28,846 INFO org.springframework.boot.SpringApplication [main] No active profile set, falling back to default profiles: default
2022-01-07 02:51:28,877 INFO org.springframework.boot.logging.DeferredLog [main] Fetching config from server at : http://localhost:8888
2022-01-07 02:51:28,877 INFO org.springframework.boot.logging.DeferredLog [main] Located environment: name=application, profiles=[default], label=null, version=null, state=null
2022-01-07 02:51:29,673 INFO org.springframework.cloud.context.scope.GenericScope [main] BeanFactory id=cbcf6582-c22e-33e6-a2bd-2205204f9e29
2022-01-07 02:51:29,901 INFO org.springframework.boot.web.embedded.tomcat.TomcatWebServer [main] Tomcat initialized with port(s): 8080 (http)
2022-01-07 02:51:29,909 INFO org.apache.juli.logging.DirectJDKLog [main] Initializing ProtocolHandler ["http-nio-8080"]
2022-01-07 02:51:29,910 INFO org.apache.juli.logging.DirectJDKLog [main] Starting service [Tomcat]
2022-01-07 02:51:29,910 INFO org.apache.juli.logging.DirectJDKLog [main] Starting Servlet engine: [Apache Tomcat/9.0.56]
2022-01-07 02:51:30,014 INFO org.apache.juli.logging.DirectJDKLog [main] Initializing Spring embedded WebApplicationContext
2022-01-07 02:51:30,014 INFO org.springframework.boot.web.servlet.context.ServletWebServerApplicationContext [main] Root WebApplicationContext: initialization completed in 1136 ms
2022-01-07 02:51:30,377 INFO com.sun.jersey.server.impl.application.WebApplicationImpl [main] Initiating Jersey application, version 'Jersey: 1.19.4 05/24/2017 03:20 PM'
2022-01-07 02:51:32,644 INFO org.springframework.cloud.commons.util.InetUtils [main] Cannot determine local hostname
2022-01-07 02:51:34,485 INFO org.springframework.cloud.commons.util.InetUtils [main] Cannot determine local hostname
2022-01-07 02:51:34,490 INFO org.springframework.cloud.netflix.eureka.config.DiscoveryClientOptionalArgsConfiguration [main] Eureka HTTP Client uses Jersey
2022-01-07 02:51:34,534 WARN org.springframework.cloud.loadbalancer.config.LoadBalancerCacheAutoConfiguration$LoadBalancerCaffeineWarnLogger [main] Spring Cloud LoadBalancer is currently working with the default cache. You can switch to using Caffeine cache, by adding it and org.springframework.cache.caffeine.CaffeineCacheManager to the classpath.
2022-01-07 02:51:34,548 INFO org.springframework.cloud.netflix.eureka.InstanceInfoFactory [main] Setting initial instance status as: STARTING
2022-01-07 02:51:34,617 INFO org.springframework.boot.actuate.endpoint.web.EndpointLinksResolver [main] Exposing 1 endpoint(s) beneath base path '/actuator'
2022-01-07 02:51:34,667 INFO org.springframework.cloud.netflix.eureka.serviceregistry.EurekaServiceRegistry [main] Registering application UNKNOWN with eureka with status UP
2022-01-07 02:51:34,669 INFO org.apache.juli.logging.DirectJDKLog [main] Starting ProtocolHandler ["http-nio-8080"]
2022-01-07 02:51:34,669 INFO org.springframework.cloud.netflix.eureka.server.EurekaServerBootstrap [Thread-10] Setting the eureka configuration..
2022-01-07 02:51:34,678 INFO org.springframework.cloud.netflix.eureka.server.EurekaServerBootstrap [Thread-10] isAws returned false
2022-01-07 02:51:34,680 INFO org.springframework.cloud.netflix.eureka.server.EurekaServerBootstrap [Thread-10] Initialized server context
2022-01-07 02:51:34,687 INFO org.springframework.cloud.netflix.eureka.server.EurekaServerInitializerConfiguration [Thread-10] Started Eureka Server
2022-01-07 02:51:34,689 INFO org.springframework.boot.web.embedded.tomcat.TomcatWebServer [main] Tomcat started on port(s): 8080 (http) with context path ''
2022-01-07 02:51:34,691 INFO org.springframework.cloud.netflix.eureka.serviceregistry.EurekaAutoServiceRegistration [main] Updating port to 8080
2022-01-07 02:51:36,315 INFO org.springframework.cloud.commons.util.InetUtils [main] Cannot determine local hostname
2022-01-07 02:51:36,330 INFO org.springframework.boot.StartupInfoLogger [main] Started ServidorEurekaApplication in 9.835 seconds (JVM running for 11.011)
2022-01-07 02:51:36,987 INFO org.apache.juli.logging.DirectJDKLog [RMI TCP Connection(1)-172.18.32.1] Initializing Spring DispatcherServlet 'dispatcherServlet'
2022-01-07 02:51:36,987 INFO org.springframework.web.servlet.FrameworkServlet [RMI TCP Connection(1)-172.18.32.1] Initializing Servlet 'dispatcherServlet'
2022-01-07 02:51:36,989 INFO org.springframework.web.servlet.FrameworkServlet [RMI TCP Connection(1)-172.18.32.1] Completed initialization in 2 ms
2022-01-07 02:53:50,781 INFO org.springframework.cloud.netflix.eureka.serviceregistry.EurekaServiceRegistry [SpringApplicationShutdownHook] Unregistering application UNKNOWN with eureka with status DOWN
2022-01-07 02:53:51,243 INFO org.springframework.cloud.netflix.eureka.server.EurekaServerBootstrap [SpringApplicationShutdownHook] Shutting down Eureka Server..
2022-01-07 02:53:51,258 INFO org.springframework.cloud.netflix.eureka.server.EurekaServerBootstrap [SpringApplicationShutdownHook] Eureka Service is now shutdown...
2022-01-07 02:54:24,429 INFO org.springframework.boot.StartupInfoLogger [main] Starting ServidorEurekaApplication using Java 11.0.11 on LaPampara with PID 9332 (D:\WorkSpaces\PUCMM\ProgramacionWebAvanzada\Web-Avanzada\Proyecto-Final\servidor-eureka\build\classes\java\main started by User in D:\WorkSpaces\PUCMM\ProgramacionWebAvanzada\Web-Avanzada\Proyecto-Final\servidor-eureka)
2022-01-07 02:54:24,433 DEBUG org.springframework.boot.StartupInfoLogger [main] Running with Spring Boot v2.6.2, Spring v5.3.14
2022-01-07 02:54:24,433 INFO org.springframework.boot.SpringApplication [main] No active profile set, falling back to default profiles: default
2022-01-07 02:54:25,571 INFO org.apache.juli.logging.DirectJDKLog [main] Initializing ProtocolHandler ["http-nio-8761"]
2022-01-07 02:54:25,572 INFO org.apache.juli.logging.DirectJDKLog [main] Starting service [Tomcat]
2022-01-07 02:54:25,572 INFO org.apache.juli.logging.DirectJDKLog [main] Starting Servlet engine: [Apache Tomcat/9.0.56]
2022-01-07 02:54:25,677 INFO org.apache.juli.logging.DirectJDKLog [main] Initializing Spring embedded WebApplicationContext
2022-01-07 02:54:26,068 INFO com.sun.jersey.server.impl.application.WebApplicationImpl [main] Initiating Jersey application, version 'Jersey: 1.19.4 05/24/2017 03:20 PM'
2022-01-07 02:54:30,418 INFO org.apache.juli.logging.DirectJDKLog [main] Starting ProtocolHandler ["http-nio-8761"]
2022-01-07 02:54:32,085 INFO org.springframework.boot.StartupInfoLogger [main] Started ServidorEurekaApplication in 10.062 seconds (JVM running for 11.183)
2022-01-07 02:54:32,983 INFO org.apache.juli.logging.DirectJDKLog [RMI TCP Connection(3)-172.18.32.1] Initializing Spring DispatcherServlet 'dispatcherServlet'
2022-01-07 03:00:05,683 INFO org.springframework.boot.StartupInfoLogger [main] Starting ServidorEurekaApplication using Java 11.0.11 on LaPampara with PID 9664 (D:\WorkSpaces\PUCMM\ProgramacionWebAvanzada\Web-Avanzada\Proyecto-Final\servidor-eureka\build\classes\java\main started by User in D:\WorkSpaces\PUCMM\ProgramacionWebAvanzada\Web-Avanzada\Proyecto-Final\servidor-eureka)
2022-01-07 03:00:05,686 DEBUG org.springframework.boot.StartupInfoLogger [main] Running with Spring Boot v2.6.2, Spring v5.3.14
2022-01-07 03:00:05,686 INFO org.springframework.boot.SpringApplication [main] No active profile set, falling back to default profiles: default
2022-01-07 03:00:06,821 INFO org.apache.juli.logging.DirectJDKLog [main] Initializing ProtocolHandler ["http-nio-8761"]
2022-01-07 03:00:06,822 INFO org.apache.juli.logging.DirectJDKLog [main] Starting service [Tomcat]
2022-01-07 03:00:06,822 INFO org.apache.juli.logging.DirectJDKLog [main] Starting Servlet engine: [Apache Tomcat/9.0.56]
2022-01-07 03:00:06,924 INFO org.apache.juli.logging.DirectJDKLog [main] Initializing Spring embedded WebApplicationContext
2022-01-07 03:00:07,284 INFO com.sun.jersey.server.impl.application.WebApplicationImpl [main] Initiating Jersey application, version 'Jersey: 1.19.4 05/24/2017 03:20 PM'
2022-01-07 03:00:11,784 INFO org.apache.juli.logging.DirectJDKLog [main] Starting ProtocolHandler ["http-nio-8761"]
2022-01-07 03:00:13,440 INFO org.springframework.boot.StartupInfoLogger [main] Started ServidorEurekaApplication in 10.335 seconds (JVM running for 11.448)
2022-01-07 03:00:13,988 INFO org.apache.juli.logging.DirectJDKLog [RMI TCP Connection(5)-172.18.32.1] Initializing Spring DispatcherServlet 'dispatcherServlet'
2022-01-07 03:04:05,141 INFO org.springframework.boot.StartupInfoLogger [main] Starting ServidorEurekaApplication using Java 11.0.11 on LaPampara with PID 11056 (D:\WorkSpaces\PUCMM\ProgramacionWebAvanzada\Web-Avanzada\Proyecto-Final\servidor-eureka\build\classes\java\main started by User in D:\WorkSpaces\PUCMM\ProgramacionWebAvanzada\Web-Avanzada\Proyecto-Final\servidor-eureka)
2022-01-07 03:04:05,145 DEBUG org.springframework.boot.StartupInfoLogger [main] Running with Spring Boot v2.6.2, Spring v5.3.14
2022-01-07 03:04:05,145 INFO org.springframework.boot.SpringApplication [main] No active profile set, falling back to default profiles: default
2022-01-07 03:04:06,234 INFO org.apache.juli.logging.DirectJDKLog [main] Initializing ProtocolHandler ["http-nio-8761"]
2022-01-07 03:04:06,235 INFO org.apache.juli.logging.DirectJDKLog [main] Starting service [Tomcat]
2022-01-07 03:04:06,235 INFO org.apache.juli.logging.DirectJDKLog [main] Starting Servlet engine: [Apache Tomcat/9.0.56]
2022-01-07 03:04:06,341 INFO org.apache.juli.logging.DirectJDKLog [main] Initializing Spring embedded WebApplicationContext
2022-01-07 03:04:06,693 INFO com.sun.jersey.server.impl.application.WebApplicationImpl [main] Initiating Jersey application, version 'Jersey: 1.19.4 05/24/2017 03:20 PM'
2022-01-07 03:04:11,108 INFO org.apache.juli.logging.DirectJDKLog [main] Starting ProtocolHandler ["http-nio-8761"]
2022-01-07 03:04:11,951 INFO org.apache.juli.logging.DirectJDKLog [http-nio-8761-exec-1] Initializing Spring DispatcherServlet 'dispatcherServlet'
2022-01-07 03:04:12,777 INFO org.springframework.boot.StartupInfoLogger [main] Started ServidorEurekaApplication in 10.021 seconds (JVM running for 11.247)
2022-01-07 03:05:13,808 INFO org.springframework.boot.StartupInfoLogger [main] Starting ServidorEurekaApplication using Java 11.0.11 on LaPampara with PID 14728 (D:\WorkSpaces\PUCMM\ProgramacionWebAvanzada\Web-Avanzada\Proyecto-Final\servidor-eureka\build\libs\servidor-eureka-0.0.1-SNAPSHOT.jar started by User in D:\WorkSpaces\PUCMM\ProgramacionWebAvanzada\Web-Avanzada\Proyecto-Final\servidor-eureka)
2022-01-07 03:05:13,812 DEBUG org.springframework.boot.StartupInfoLogger [main] Running with Spring Boot v2.6.2, Spring v5.3.14
2022-01-07 03:05:13,813 INFO org.springframework.boot.SpringApplication [main] No active profile set, falling back to default profiles: default
2022-01-07 03:05:15,851 INFO org.apache.juli.logging.DirectJDKLog [main] Initializing ProtocolHandler ["http-nio-8761"]
2022-01-07 03:05:15,852 INFO org.apache.juli.logging.DirectJDKLog [main] Starting service [Tomcat]
2022-01-07 03:05:15,852 INFO org.apache.juli.logging.DirectJDKLog [main] Starting Servlet engine: [Apache Tomcat/9.0.56]
2022-01-07 03:05:15,911 INFO org.apache.juli.logging.DirectJDKLog [main] Initializing Spring embedded WebApplicationContext
2022-01-07 03:05:16,449 INFO com.sun.jersey.server.impl.application.WebApplicationImpl [main] Initiating Jersey application, version 'Jersey: 1.19.4 05/24/2017 03:20 PM'
2022-01-07 03:05:21,707 INFO org.apache.juli.logging.DirectJDKLog [main] Starting ProtocolHandler ["http-nio-8761"]
2022-01-07 03:05:23,370 INFO org.springframework.boot.StartupInfoLogger [main] Started ServidorEurekaApplication in 12.455 seconds (JVM running for 13.071)
2022-01-07 03:18:34,320 INFO org.apache.juli.logging.DirectJDKLog [http-nio-8761-exec-1] Initializing Spring DispatcherServlet 'dispatcherServlet'
